<?xml version="1.0" encoding="UTF-8"?>
<testsuite xmlns:xsi="http://www.w3.org/2001/XMLSchema-instance" xsi:noNamespaceSchemaLocation="https://maven.apache.org/surefire/maven-surefire-plugin/xsd/surefire-test-report-3.0.xsd" version="3.0" name="com.tutoring.userservice.repository.UserRepositoryTest" time="3.5" tests="7" errors="0" skipped="0" failures="0">
  <properties>
[...]
</properties>
  <testcase name="save_ValidUser_PersistsUser" classname="com.tutoring.userservice.repository.UserRepositoryTest" time="0.459">
    <system-out><![CDATA[14:30:14.553 [main] INFO org.springframework.test.context.support.AnnotationConfigContextLoaderUtils -- Could not detect default configuration classes for test class [com.tutoring.userservice.repository.UserRepositoryTest]: UserRepositoryTest does not declare any static, non-private, non-final, nested classes annotated with @Configuration.
14:30:14.680 [main] INFO org.springframework.boot.test.context.SpringBootTestContextBootstrapper -- Found @SpringBootConfiguration com.tutoring.userservice.UserServiceApplication for test class com.tutoring.userservice.repository.UserRepositoryTest

  .   ____          _            __ _ _
 /\\ / ___'_ __ _ _(_)_ __  __ _ \ \ \ \
( ( )\___ | '_ | '_| | '_ \/ _` | \ \ \ \
 \\/  ___)| |_)| | | | | || (_| |  ) ) ) )
  '  |____| .__|_| |_|_| |_\__, | / / / /
 =========|_|==============|___/=/_/_/_/
 :: Spring Boot ::                (v3.2.0)

2026-05-09T14:30:15.152+05:30  INFO 84139 --- [user-service] [           main] c.t.u.repository.UserRepositoryTest      : Starting UserRepositoryTest using Java 25.0.2 with PID 84139 (started by subhodipanwesa in /Users/subhodipanwesa/Documents/BITS_WILP/FullStack/Anwesa/PeerTutorial_FS/peer-tutoring-platform/backend-microservices/user-service)
2026-05-09T14:30:15.155+05:30  INFO 84139 --- [user-service] [           main] c.t.u.repository.UserRepositoryTest      : No active profile set, falling back to 1 default profile: "default"
2026-05-09T14:30:15.520+05:30  INFO 84139 --- [user-service] [           main] .s.d.r.c.RepositoryConfigurationDelegate : Bootstrapping Spring Data JPA repositories in DEFAULT mode.
2026-05-09T14:30:15.659+05:30  INFO 84139 --- [user-service] [           main] .s.d.r.c.RepositoryConfigurationDelegate : Finished Spring Data repository scanning in 131 ms. Found 1 JPA repository interface.
2026-05-09T14:30:15.701+05:30  INFO 84139 --- [user-service] [           main] beddedDataSourceBeanFactoryPostProcessor : Replacing 'dataSource' DataSource bean with embedded version
2026-05-09T14:30:15.822+05:30  INFO 84139 --- [user-service] [           main] o.s.j.d.e.EmbeddedDatabaseFactory        : Starting embedded database: url='jdbc:h2:mem:63bfb4be-0451-43c3-9908-2bb50f8ce1bd;DB_CLOSE_DELAY=-1;DB_CLOSE_ON_EXIT=false', username='sa'
2026-05-09T14:30:16.060+05:30  INFO 84139 --- [user-service] [           main] o.hibernate.jpa.internal.util.LogHelper  : HHH000204: Processing PersistenceUnitInfo [name: default]
2026-05-09T14:30:16.110+05:30  INFO 84139 --- [user-service] [           main] org.hibernate.Version                    : HHH000412: Hibernate ORM core version 6.3.1.Final
2026-05-09T14:30:16.131+05:30  INFO 84139 --- [user-service] [           main] o.h.c.internal.RegionFactoryInitiator    : HHH000026: Second-level cache disabled
2026-05-09T14:30:16.319+05:30  INFO 84139 --- [user-service] [           main] o.s.o.j.p.SpringPersistenceUnitInfo      : No LoadTimeWeaver setup: ignoring JPA class transformer
2026-05-09T14:30:16.353+05:30  WARN 84139 --- [user-service] [           main] org.hibernate.orm.deprecation            : HHH90000025: H2Dialect does not need to be specified explicitly using 'hibernate.dialect' (remove the property setting and it will be selected by default)
2026-05-09T14:30:16.986+05:30  INFO 84139 --- [user-service] [           main] o.h.e.t.j.p.i.JtaPlatformInitiator       : HHH000489: No JTA platform available (set 'hibernate.transaction.jta.platform' to enable JTA platform integration)
Hibernate: 
    drop table if exists users cascade 
Hibernate: 
    create table users (
        active boolean not null,
        verified boolean not null,
        created_at timestamp(6),
        id bigint generated by default as identity,
        updated_at timestamp(6),
        email varchar(255) not null unique,
        first_name varchar(255) not null,
        last_name varchar(255) not null,
        password varchar(255) not null,
        phone_number varchar(255) not null,
        role varchar(255) not null check (role in ('STUDENT','TUTOR','ADMIN')),
        primary key (id)
    )
2026-05-09T14:30:17.020+05:30  INFO 84139 --- [user-service] [           main] j.LocalContainerEntityManagerFactoryBean : Initialized JPA EntityManagerFactory for persistence unit 'default'
2026-05-09T14:30:17.339+05:30  INFO 84139 --- [user-service] [           main] c.t.u.repository.UserRepositoryTest      : Started UserRepositoryTest in 2.6 seconds (process running for 4.241)
Hibernate: 
    insert 
    into
        users
        (active, created_at, email, first_name, last_name, password, phone_number, role, updated_at, verified, id) 
    values
        (?, ?, ?, ?, ?, ?, ?, ?, ?, ?, default)
]]></system-out>
    <system-err><![CDATA[WARNING: A Java agent has been loaded dynamically (/Users/subhodipanwesa/.m2/repository/net/bytebuddy/byte-buddy-agent/1.14.10/byte-buddy-agent-1.14.10.jar)
WARNING: If a serviceability tool is in use, please run with -XX:+EnableDynamicAgentLoading to hide this warning
WARNING: If a serviceability tool is not in use, please run with -Djdk.instrument.traceUsage for more information
WARNING: Dynamic loading of agents will be disallowed by default in a future release
]]></system-err>
  </testcase>
  <testcase name="findByEmail_ExistingUser_ReturnsUser" classname="com.tutoring.userservice.repository.UserRepositoryTest" time="0.099">
    <system-out><![CDATA[Hibernate: 
    insert 
    into
        users
        (active, created_at, email, first_name, last_name, password, phone_number, role, updated_at, verified, id) 
    values
        (?, ?, ?, ?, ?, ?, ?, ?, ?, ?, default)
Hibernate: 
    select
        u1_0.id,
        u1_0.active,
        u1_0.created_at,
        u1_0.email,
        u1_0.first_name,
        u1_0.last_name,
        u1_0.password,
        u1_0.phone_number,
        u1_0.role,
        u1_0.updated_at,
        u1_0.verified 
    from
        users u1_0 
    where
        u1_0.email=?
]]></system-out>
  </testcase>
  <testcase name="existsByEmail_NonExistingEmail_ReturnsFalse" classname="com.tutoring.userservice.repository.UserRepositoryTest" time="0.009">
    <system-out><![CDATA[Hibernate: 
    select
        u1_0.id 
    from
        users u1_0 
    where
        u1_0.email=? 
    fetch
        first ? rows only
]]></system-out>
  </testcase>
  <testcase name="findByEmail_NonExistingUser_ReturnsEmpty" classname="com.tutoring.userservice.repository.UserRepositoryTest" time="0.006">
    <system-out><![CDATA[Hibernate: 
    select
        u1_0.id,
        u1_0.active,
        u1_0.created_at,
        u1_0.email,
        u1_0.first_name,
        u1_0.last_name,
        u1_0.password,
        u1_0.phone_number,
        u1_0.role,
        u1_0.updated_at,
        u1_0.verified 
    from
        users u1_0 
    where
        u1_0.email=?
]]></system-out>
  </testcase>
  <testcase name="findAll_MultipleUsers_ReturnsAllUsers" classname="com.tutoring.userservice.repository.UserRepositoryTest" time="0.014">
    <system-out><![CDATA[Hibernate: 
    insert 
    into
        users
        (active, created_at, email, first_name, last_name, password, phone_number, role, updated_at, verified, id) 
    values
        (?, ?, ?, ?, ?, ?, ?, ?, ?, ?, default)
Hibernate: 
    insert 
    into
        users
        (active, created_at, email, first_name, last_name, password, phone_number, role, updated_at, verified, id) 
    values
        (?, ?, ?, ?, ?, ?, ?, ?, ?, ?, default)
Hibernate: 
    select
        u1_0.id,
        u1_0.active,
        u1_0.created_at,
        u1_0.email,
        u1_0.first_name,
        u1_0.last_name,
        u1_0.password,
        u1_0.phone_number,
        u1_0.role,
        u1_0.updated_at,
        u1_0.verified 
    from
        users u1_0
]]></system-out>
  </testcase>
  <testcase name="existsByEmail_ExistingEmail_ReturnsTrue" classname="com.tutoring.userservice.repository.UserRepositoryTest" time="0.007">
    <system-out><![CDATA[Hibernate: 
    insert 
    into
        users
        (active, created_at, email, first_name, last_name, password, phone_number, role, updated_at, verified, id) 
    values
        (?, ?, ?, ?, ?, ?, ?, ?, ?, ?, default)
Hibernate: 
    select
        u1_0.id 
    from
        users u1_0 
    where
        u1_0.email=? 
    fetch
        first ? rows only
]]></system-out>
  </testcase>
  <testcase name="findById_ExistingUser_ReturnsUser" classname="com.tutoring.userservice.repository.UserRepositoryTest" time="0.012">
    <system-out><![CDATA[Hibernate: 
    insert 
    into
        users
        (active, created_at, email, first_name, last_name, password, phone_number, role, updated_at, verified, id) 
    values
        (?, ?, ?, ?, ?, ?, ?, ?, ?, ?, default)
]]></system-out>
  </testcase>
</testsuite>