<?xml version="1.0" encoding="UTF-8"?>
<testsuite xmlns:xsi="http://www.w3.org/2001/XMLSchema-instance" xsi:noNamespaceSchemaLocation="https://maven.apache.org/surefire/maven-surefire-plugin/xsd/surefire-test-report-3.0.xsd" version="3.0" name="com.tutoring.tutorservice.TutorServiceApplicationTest" time="4.475" tests="2" errors="0" skipped="0" failures="0">
  <properties>
[...]
</properties>
  <testcase name="mainMethod_Exists" classname="com.tutoring.tutorservice.TutorServiceApplicationTest" time="0.004">
    <system-out><![CDATA[2026-05-09T14:30:36.239+05:30  INFO 84302 --- [tutor-service] [           main] t.c.s.AnnotationConfigContextLoaderUtils : Could not detect default configuration classes for test class [com.tutoring.tutorservice.TutorServiceApplicationTest]: TutorServiceApplicationTest does not declare any static, non-private, non-final, nested classes annotated with @Configuration.
2026-05-09T14:30:36.246+05:30  INFO 84302 --- [tutor-service] [           main] .b.t.c.SpringBootTestContextBootstrapper : Found @SpringBootConfiguration com.tutoring.tutorservice.TutorServiceApplication for test class com.tutoring.tutorservice.TutorServiceApplicationTest

  .   ____          _            __ _ _
 /\\ / ___'_ __ _ _(_)_ __  __ _ \ \ \ \
( ( )\___ | '_ | '_| | '_ \/ _` | \ \ \ \
 \\/  ___)| |_)| | | | | || (_| |  ) ) ) )
  '  |____| .__|_| |_|_| |_\__, | / / / /
 =========|_|==============|___/=/_/_/_/
 :: Spring Boot ::                (v3.2.0)

2026-05-09T14:30:36.291+05:30  INFO 84302 --- [tutor-service] [           main] c.t.t.TutorServiceApplicationTest        : Starting TutorServiceApplicationTest using Java 25.0.2 with PID 84302 (started by subhodipanwesa in /Users/subhodipanwesa/Documents/BITS_WILP/FullStack/Anwesa/PeerTutorial_FS/peer-tutoring-platform/backend-microservices/tutor-service)
2026-05-09T14:30:36.292+05:30  INFO 84302 --- [tutor-service] [           main] c.t.t.TutorServiceApplicationTest        : No active profile set, falling back to 1 default profile: "default"
2026-05-09T14:30:36.995+05:30  INFO 84302 --- [tutor-service] [           main] .s.d.r.c.RepositoryConfigurationDelegate : Bootstrapping Spring Data JPA repositories in DEFAULT mode.
2026-05-09T14:30:37.005+05:30  INFO 84302 --- [tutor-service] [           main] .s.d.r.c.RepositoryConfigurationDelegate : Finished Spring Data repository scanning in 9 ms. Found 3 JPA repository interfaces.
2026-05-09T14:30:37.179+05:30  INFO 84302 --- [tutor-service] [           main] o.s.cloud.context.scope.GenericScope     : BeanFactory id=4137b4ad-3f04-3db5-ae46-f44a52e91765
2026-05-09T14:30:37.430+05:30  WARN 84302 --- [tutor-service] [           main] trationDelegate$BeanPostProcessorChecker : Bean 'org.springframework.cloud.client.loadbalancer.LoadBalancerAutoConfiguration$LoadBalancerInterceptorConfig' of type [org.springframework.cloud.client.loadbalancer.LoadBalancerAutoConfiguration$LoadBalancerInterceptorConfig] is not eligible for getting processed by all BeanPostProcessors (for example: not eligible for auto-proxying). The currently created BeanPostProcessor [lbRestClientPostProcessor] is declared through a non-static factory method on that class; consider declaring it as static instead.
2026-05-09T14:30:37.436+05:30  WARN 84302 --- [tutor-service] [           main] trationDelegate$BeanPostProcessorChecker : Bean 'org.springframework.cloud.loadbalancer.config.BlockingLoadBalancerClientAutoConfiguration' of type [org.springframework.cloud.loadbalancer.config.BlockingLoadBalancerClientAutoConfiguration] is not eligible for getting processed by all BeanPostProcessors (for example: not eligible for auto-proxying). Is this bean getting eagerly injected into a currently created BeanPostProcessor [lbRestClientPostProcessor]? Check the corresponding BeanPostProcessor declaration and its dependencies.
2026-05-09T14:30:37.439+05:30  WARN 84302 --- [tutor-service] [           main] trationDelegate$BeanPostProcessorChecker : Bean 'org.springframework.cloud.loadbalancer.config.LoadBalancerAutoConfiguration' of type [org.springframework.cloud.loadbalancer.config.LoadBalancerAutoConfiguration] is not eligible for getting processed by all BeanPostProcessors (for example: not eligible for auto-proxying). Is this bean getting eagerly injected into a currently created BeanPostProcessor [lbRestClientPostProcessor]? Check the corresponding BeanPostProcessor declaration and its dependencies.
2026-05-09T14:30:37.449+05:30  WARN 84302 --- [tutor-service] [           main] trationDelegate$BeanPostProcessorChecker : Bean 'org.springframework.cloud.commons.config.CommonsConfigAutoConfiguration' of type [org.springframework.cloud.commons.config.CommonsConfigAutoConfiguration] is not eligible for getting processed by all BeanPostProcessors (for example: not eligible for auto-proxying). Is this bean getting eagerly injected into a currently created BeanPostProcessor [lbRestClientPostProcessor]? Check the corresponding BeanPostProcessor declaration and its dependencies.
2026-05-09T14:30:37.452+05:30  WARN 84302 --- [tutor-service] [           main] trationDelegate$BeanPostProcessorChecker : Bean 'org.springframework.cloud.client.loadbalancer.LoadBalancerDefaultMappingsProviderAutoConfiguration' of type [org.springframework.cloud.client.loadbalancer.LoadBalancerDefaultMappingsProviderAutoConfiguration] is not eligible for getting processed by all BeanPostProcessors (for example: not eligible for auto-proxying). Is this bean getting eagerly injected into a currently created BeanPostProcessor [lbRestClientPostProcessor]? Check the corresponding BeanPostProcessor declaration and its dependencies.
2026-05-09T14:30:37.456+05:30  WARN 84302 --- [tutor-service] [           main] trationDelegate$BeanPostProcessorChecker : Bean 'loadBalancerClientsDefaultsMappingsProvider' of type [org.springframework.cloud.client.loadbalancer.LoadBalancerDefaultMappingsProviderAutoConfiguration$$Lambda/0x00000fc001aaf9f8] is not eligible for getting processed by all BeanPostProcessors (for example: not eligible for auto-proxying). Is this bean getting eagerly injected into a currently created BeanPostProcessor [lbRestClientPostProcessor]? Check the corresponding BeanPostProcessor declaration and its dependencies.
2026-05-09T14:30:37.459+05:30  WARN 84302 --- [tutor-service] [           main] trationDelegate$BeanPostProcessorChecker : Bean 'defaultsBindHandlerAdvisor' of type [org.springframework.cloud.commons.config.DefaultsBindHandlerAdvisor] is not eligible for getting processed by all BeanPostProcessors (for example: not eligible for auto-proxying). Is this bean getting eagerly injected into a currently created BeanPostProcessor [lbRestClientPostProcessor]? Check the corresponding BeanPostProcessor declaration and its dependencies.
2026-05-09T14:30:37.466+05:30  WARN 84302 --- [tutor-service] [           main] trationDelegate$BeanPostProcessorChecker : Bean 'spring.cloud.loadbalancer-org.springframework.cloud.client.loadbalancer.LoadBalancerClientsProperties' of type [org.springframework.cloud.client.loadbalancer.LoadBalancerClientsProperties] is not eligible for getting processed by all BeanPostProcessors (for example: not eligible for auto-proxying). Is this bean getting eagerly injected into a currently created BeanPostProcessor [lbRestClientPostProcessor]? Check the corresponding BeanPostProcessor declaration and its dependencies.
2026-05-09T14:30:37.475+05:30  WARN 84302 --- [tutor-service] [           main] trationDelegate$BeanPostProcessorChecker : Bean 'default.org.springframework.cloud.loadbalancer.config.LoadBalancerAutoConfiguration.LoadBalancerClientSpecification' of type [org.springframework.cloud.loadbalancer.annotation.LoadBalancerClientSpecification] is not eligible for getting processed by all BeanPostProcessors (for example: not eligible for auto-proxying). Is this bean getting eagerly injected into a currently created BeanPostProcessor [lbRestClientPostProcessor]? Check the corresponding BeanPostProcessor declaration and its dependencies.
2026-05-09T14:30:37.479+05:30  WARN 84302 --- [tutor-service] [           main] trationDelegate$BeanPostProcessorChecker : Bean 'default.org.springframework.cloud.loadbalancer.config.BlockingLoadBalancerClientAutoConfiguration.LoadBalancerClientSpecification' of type [org.springframework.cloud.loadbalancer.annotation.LoadBalancerClientSpecification] is not eligible for getting processed by all BeanPostProcessors (for example: not eligible for auto-proxying). Is this bean getting eagerly injected into a currently created BeanPostProcessor [lbRestClientPostProcessor]? Check the corresponding BeanPostProcessor declaration and its dependencies.
2026-05-09T14:30:37.481+05:30  WARN 84302 --- [tutor-service] [           main] trationDelegate$BeanPostProcessorChecker : Bean 'default.org.springframework.cloud.netflix.eureka.loadbalancer.LoadBalancerEurekaAutoConfiguration.LoadBalancerClientSpecification' of type [org.springframework.cloud.loadbalancer.annotation.LoadBalancerClientSpecification] is not eligible for getting processed by all BeanPostProcessors (for example: not eligible for auto-proxying). Is this bean getting eagerly injected into a currently created BeanPostProcessor [lbRestClientPostProcessor]? Check the corresponding BeanPostProcessor declaration and its dependencies.
2026-05-09T14:30:37.482+05:30  WARN 84302 --- [tutor-service] [           main] trationDelegate$BeanPostProcessorChecker : Bean 'loadBalancerClientFactory' of type [org.springframework.cloud.loadbalancer.support.LoadBalancerClientFactory] is not eligible for getting processed by all BeanPostProcessors (for example: not eligible for auto-proxying). Is this bean getting eagerly injected into a currently created BeanPostProcessor [lbRestClientPostProcessor]? Check the corresponding BeanPostProcessor declaration and its dependencies.
2026-05-09T14:30:37.490+05:30  WARN 84302 --- [tutor-service] [           main] trationDelegate$BeanPostProcessorChecker : Bean 'blockingLoadBalancerClient' of type [org.springframework.cloud.loadbalancer.blocking.client.BlockingLoadBalancerClient] is not eligible for getting processed by all BeanPostProcessors (for example: not eligible for auto-proxying). Is this bean getting eagerly injected into a currently created BeanPostProcessor [lbRestClientPostProcessor]? Check the corresponding BeanPostProcessor declaration and its dependencies.
2026-05-09T14:30:37.503+05:30  WARN 84302 --- [tutor-service] [           main] trationDelegate$BeanPostProcessorChecker : Bean 'loadBalancerServiceInstanceCookieTransformer' of type [org.springframework.cloud.loadbalancer.core.LoadBalancerServiceInstanceCookieTransformer] is not eligible for getting processed by all BeanPostProcessors (for example: not eligible for auto-proxying). Is this bean getting eagerly injected into a currently created BeanPostProcessor [lbRestClientPostProcessor]? Check the corresponding BeanPostProcessor declaration and its dependencies.
2026-05-09T14:30:37.507+05:30  WARN 84302 --- [tutor-service] [           main] trationDelegate$BeanPostProcessorChecker : Bean 'xForwarderHeadersTransformer' of type [org.springframework.cloud.loadbalancer.blocking.XForwardedHeadersTransformer] is not eligible for getting processed by all BeanPostProcessors (for example: not eligible for auto-proxying). Is this bean getting eagerly injected into a currently created BeanPostProcessor [lbRestClientPostProcessor]? Check the corresponding BeanPostProcessor declaration and its dependencies.
2026-05-09T14:30:37.509+05:30  WARN 84302 --- [tutor-service] [           main] trationDelegate$BeanPostProcessorChecker : Bean 'org.springframework.cloud.client.loadbalancer.LoadBalancerAutoConfiguration' of type [org.springframework.cloud.client.loadbalancer.LoadBalancerAutoConfiguration] is not eligible for getting processed by all BeanPostProcessors (for example: not eligible for auto-proxying). Is this bean getting eagerly injected into a currently created BeanPostProcessor [lbRestClientPostProcessor]? Check the corresponding BeanPostProcessor declaration and its dependencies.
2026-05-09T14:30:37.512+05:30  WARN 84302 --- [tutor-service] [           main] trationDelegate$BeanPostProcessorChecker : Bean 'loadBalancerRequestFactory' of type [org.springframework.cloud.client.loadbalancer.LoadBalancerRequestFactory] is not eligible for getting processed by all BeanPostProcessors (for example: not eligible for auto-proxying). Is this bean getting eagerly injected into a currently created BeanPostProcessor [lbRestClientPostProcessor]? Check the corresponding BeanPostProcessor declaration and its dependencies.
2026-05-09T14:30:37.514+05:30  WARN 84302 --- [tutor-service] [           main] trationDelegate$BeanPostProcessorChecker : Bean 'loadBalancerInterceptor' of type [org.springframework.cloud.client.loadbalancer.LoadBalancerInterceptor] is not eligible for getting processed by all BeanPostProcessors (for example: not eligible for auto-proxying). Is this bean getting eagerly injected into a currently created BeanPostProcessor [lbRestClientPostProcessor]? Check the corresponding BeanPostProcessor declaration and its dependencies.
2026-05-09T14:30:37.631+05:30  INFO 84302 --- [tutor-service] [           main] o.hibernate.jpa.internal.util.LogHelper  : HHH000204: Processing PersistenceUnitInfo [name: default]
2026-05-09T14:30:37.633+05:30  INFO 84302 --- [tutor-service] [           main] o.h.c.internal.RegionFactoryInitiator    : HHH000026: Second-level cache disabled
2026-05-09T14:30:37.636+05:30  INFO 84302 --- [tutor-service] [           main] o.s.o.j.p.SpringPersistenceUnitInfo      : No LoadTimeWeaver setup: ignoring JPA class transformer
2026-05-09T14:30:37.639+05:30  INFO 84302 --- [tutor-service] [           main] com.zaxxer.hikari.HikariDataSource       : HikariPool-1 - Starting...
2026-05-09T14:30:37.651+05:30  INFO 84302 --- [tutor-service] [           main] com.zaxxer.hikari.pool.HikariPool        : HikariPool-1 - Added connection conn7: url=jdbc:h2:mem:tutor_service_db user=SA
2026-05-09T14:30:37.652+05:30  INFO 84302 --- [tutor-service] [           main] com.zaxxer.hikari.HikariDataSource       : HikariPool-1 - Start completed.
2026-05-09T14:30:37.657+05:30  WARN 84302 --- [tutor-service] [           main] org.hibernate.orm.deprecation            : HHH90000025: H2Dialect does not need to be specified explicitly using 'hibernate.dialect' (remove the property setting and it will be selected by default)
2026-05-09T14:30:37.722+05:30  INFO 84302 --- [tutor-service] [           main] o.h.e.t.j.p.i.JtaPlatformInitiator       : HHH000489: No JTA platform available (set 'hibernate.transaction.jta.platform' to enable JTA platform integration)
Hibernate: 
    drop table if exists payouts cascade 
Hibernate: 
    drop table if exists ratings cascade 
Hibernate: 
    drop table if exists tutor_profiles cascade 
Hibernate: 
    drop table if exists tutor_subjects cascade 
Hibernate: 
    create table payouts (
        amount numeric(38,2) not null,
        created_at timestamp(6),
        id bigint generated by default as identity,
        processed_at timestamp(6),
        processed_by bigint,
        tutor_id bigint not null,
        notes TEXT,
        payment_method varchar(255) not null,
        status varchar(255) not null check (status in ('PENDING','COMPLETED','FAILED')),
        primary key (id)
    )
Hibernate: 
    create table ratings (
        rating integer not null,
        booking_id bigint not null unique,
        created_at timestamp(6),
        id bigint generated by default as identity,
        student_id bigint not null,
        tutor_id bigint not null,
        comment TEXT,
        primary key (id)
    )
Hibernate: 
    create table tutor_profiles (
        average_rating float(53) not null,
        hourly_rate numeric(38,2) not null,
        total_sessions integer not null,
        years_of_experience integer not null,
        created_at timestamp(6),
        id bigint generated by default as identity,
        updated_at timestamp(6),
        user_id bigint not null unique,
        bio TEXT,
        status varchar(255) not null check (status in ('PENDING','APPROVED','REJECTED','SUSPENDED')),
        subject varchar(255) not null,
        primary key (id)
    )
Hibernate: 
    create table tutor_subjects (
        tutor_id bigint not null,
        subject_name varchar(255)
    )
Hibernate: 
    alter table if exists tutor_subjects 
       add constraint FKh7sy16t30qo5mth2tr3fhoy5s 
       foreign key (tutor_id) 
       references tutor_profiles
2026-05-09T14:30:37.732+05:30  INFO 84302 --- [tutor-service] [           main] j.LocalContainerEntityManagerFactoryBean : Initialized JPA EntityManagerFactory for persistence unit 'default'
2026-05-09T14:30:38.217+05:30  WARN 84302 --- [tutor-service] [           main] JpaBaseConfiguration$JpaWebConfiguration : spring.jpa.open-in-view is enabled by default. Therefore, database queries may be performed during view rendering. Explicitly configure spring.jpa.open-in-view to disable this warning
2026-05-09T14:30:38.550+05:30  WARN 84302 --- [tutor-service] [           main] .s.s.UserDetailsServiceAutoConfiguration : 

Using generated security password: 2331d89f-4109-4b8e-b09e-5659391ed70e

This generated password is for development use only. Your security configuration must be updated before running your application in production.

2026-05-09T14:30:39.249+05:30  INFO 84302 --- [tutor-service] [           main] o.s.b.a.e.web.EndpointLinksResolver      : Exposing 3 endpoint(s) beneath base path '/actuator'
2026-05-09T14:30:39.318+05:30  INFO 84302 --- [tutor-service] [           main] o.s.s.web.DefaultSecurityFilterChain     : Will secure any request with [org.springframework.security.web.session.DisableEncodeUrlFilter@3baca7fb, org.springframework.security.web.context.request.async.WebAsyncManagerIntegrationFilter@4c60d61, org.springframework.security.web.context.SecurityContextHolderFilter@42afbce5, org.springframework.security.web.header.HeaderWriterFilter@753aacf, org.springframework.web.filter.CorsFilter@557de967, org.springframework.security.web.authentication.logout.LogoutFilter@6c42c856, org.springframework.security.web.savedrequest.RequestCacheAwareFilter@1c322b6a, org.springframework.security.web.servletapi.SecurityContextHolderAwareRequestFilter@45354715, org.springframework.security.web.authentication.AnonymousAuthenticationFilter@e2448b4, org.springframework.security.web.access.ExceptionTranslationFilter@38aa5ffe, org.springframework.security.web.access.intercept.AuthorizationFilter@262d72a]
2026-05-09T14:30:40.008+05:30  INFO 84302 --- [tutor-service] [           main] o.s.b.a.h2.H2ConsoleAutoConfiguration    : H2 console available at '/h2-console'. Database available at 'jdbc:h2:mem:tutor_service_db'
2026-05-09T14:30:40.078+05:30  INFO 84302 --- [tutor-service] [           main] DiscoveryClientOptionalArgsConfiguration : Eureka HTTP Client uses RestTemplate.
2026-05-09T14:30:40.120+05:30  WARN 84302 --- [tutor-service] [           main] iguration$LoadBalancerCaffeineWarnLogger : Spring Cloud LoadBalancer is currently working with the default cache. While this cache implementation is useful for development and tests, it's recommended to use Caffeine cache in production.You can switch to using Caffeine cache, by adding it and org.springframework.cache.caffeine.CaffeineCacheManager to the classpath.
2026-05-09T14:30:40.204+05:30  INFO 84302 --- [tutor-service] [           main] o.s.c.n.eureka.InstanceInfoFactory       : Setting initial instance status as: STARTING
2026-05-09T14:30:40.317+05:30  INFO 84302 --- [tutor-service] [           main] com.netflix.discovery.DiscoveryClient    : Initializing Eureka in region us-east-1
2026-05-09T14:30:40.320+05:30  INFO 84302 --- [tutor-service] [           main] c.n.d.s.r.aws.ConfigClusterResolver      : Resolving eureka endpoints via configuration
2026-05-09T14:30:40.339+05:30  INFO 84302 --- [tutor-service] [           main] com.netflix.discovery.DiscoveryClient    : Disable delta property : false
2026-05-09T14:30:40.339+05:30  INFO 84302 --- [tutor-service] [           main] com.netflix.discovery.DiscoveryClient    : Single vip registry refresh property : null
2026-05-09T14:30:40.339+05:30  INFO 84302 --- [tutor-service] [           main] com.netflix.discovery.DiscoveryClient    : Force full registry fetch : false
2026-05-09T14:30:40.339+05:30  INFO 84302 --- [tutor-service] [           main] com.netflix.discovery.DiscoveryClient    : Application is null : false
2026-05-09T14:30:40.339+05:30  INFO 84302 --- [tutor-service] [           main] com.netflix.discovery.DiscoveryClient    : Registered Applications size is zero : true
2026-05-09T14:30:40.339+05:30  INFO 84302 --- [tutor-service] [           main] com.netflix.discovery.DiscoveryClient    : Application version is -1: true
2026-05-09T14:30:40.339+05:30  INFO 84302 --- [tutor-service] [           main] com.netflix.discovery.DiscoveryClient    : Getting all instance registry info from the eureka server
2026-05-09T14:30:40.656+05:30  INFO 84302 --- [tutor-service] [           main] com.netflix.discovery.DiscoveryClient    : The response status is 200
2026-05-09T14:30:40.658+05:30  INFO 84302 --- [tutor-service] [           main] com.netflix.discovery.DiscoveryClient    : Starting heartbeat executor: renew interval is: 30
2026-05-09T14:30:40.660+05:30  INFO 84302 --- [tutor-service] [           main] c.n.discovery.InstanceInfoReplicator     : InstanceInfoReplicator onDemand update allowed rate per min is 4
2026-05-09T14:30:40.664+05:30  INFO 84302 --- [tutor-service] [           main] com.netflix.discovery.DiscoveryClient    : Discovery Client initialized at timestamp 1778317240663 with initial instances count: 5
2026-05-09T14:30:40.671+05:30  INFO 84302 --- [tutor-service] [           main] o.s.c.n.e.s.EurekaServiceRegistry        : Registering application TUTOR-SERVICE with eureka with status UP
2026-05-09T14:30:40.672+05:30  INFO 84302 --- [tutor-service] [           main] com.netflix.discovery.DiscoveryClient    : Saw local status change event StatusChangeEvent [timestamp=1778317240672, current=UP, previous=STARTING]
2026-05-09T14:30:40.673+05:30  INFO 84302 --- [tutor-service] [nfoReplicator-0] com.netflix.discovery.DiscoveryClient    : DiscoveryClient_TUTOR-SERVICE/tutor-service:8082: registering service...
2026-05-09T14:30:40.692+05:30  INFO 84302 --- [tutor-service] [           main] c.t.t.TutorServiceApplicationTest        : Started TutorServiceApplicationTest in 4.434 seconds (process running for 10.472)
2026-05-09T14:30:40.701+05:30  INFO 84302 --- [tutor-service] [nfoReplicator-0] com.netflix.discovery.DiscoveryClient    : DiscoveryClient_TUTOR-SERVICE/tutor-service:8082 - registration status: 204
]]></system-out>
  </testcase>
  <testcase name="contextLoads" classname="com.tutoring.tutorservice.TutorServiceApplicationTest" time="0.004"/>
</testsuite>