<?xml version="1.0" encoding="UTF-8"?>
<testsuite xmlns:xsi="http://www.w3.org/2001/XMLSchema-instance" xsi:noNamespaceSchemaLocation="https://maven.apache.org/surefire/maven-surefire-plugin/xsd/surefire-test-report-3.0.xsd" version="3.0" name="com.tutoring.tutorservice.repository.TutorProfileRepositoryTest" time="4.466" tests="3" errors="0" skipped="0" failures="0">
  <properties>
[...]
</properties>
  <testcase name="findByStatus_ApprovedStatus_ReturnsApprovedProfiles" classname="com.tutoring.tutorservice.repository.TutorProfileRepositoryTest" time="0.6">
    <system-out><![CDATA[14:30:31.875 [main] INFO org.springframework.test.context.support.AnnotationConfigContextLoaderUtils -- Could not detect default configuration classes for test class [com.tutoring.tutorservice.repository.TutorProfileRepositoryTest]: TutorProfileRepositoryTest does not declare any static, non-private, non-final, nested classes annotated with @Configuration.
14:30:32.038 [main] INFO org.springframework.boot.test.context.SpringBootTestContextBootstrapper -- Found @SpringBootConfiguration com.tutoring.tutorservice.TutorServiceApplication for test class com.tutoring.tutorservice.repository.TutorProfileRepositoryTest

  .   ____          _            __ _ _
 /\\ / ___'_ __ _ _(_)_ __  __ _ \ \ \ \
( ( )\___ | '_ | '_| | '_ \/ _` | \ \ \ \
 \\/  ___)| |_)| | | | | || (_| |  ) ) ) )
  '  |____| .__|_| |_|_| |_\__, | / / / /
 =========|_|==============|___/=/_/_/_/
 :: Spring Boot ::                (v3.2.0)

2026-05-09T14:30:32.541+05:30  INFO 84302 --- [tutor-service] [           main] c.t.t.r.TutorProfileRepositoryTest       : Starting TutorProfileRepositoryTest using Java 25.0.2 with PID 84302 (started by subhodipanwesa in /Users/subhodipanwesa/Documents/BITS_WILP/FullStack/Anwesa/PeerTutorial_FS/peer-tutoring-platform/backend-microservices/tutor-service)
2026-05-09T14:30:32.542+05:30  INFO 84302 --- [tutor-service] [           main] c.t.t.r.TutorProfileRepositoryTest       : No active profile set, falling back to 1 default profile: "default"
2026-05-09T14:30:32.900+05:30  INFO 84302 --- [tutor-service] [           main] .s.d.r.c.RepositoryConfigurationDelegate : Bootstrapping Spring Data JPA repositories in DEFAULT mode.
2026-05-09T14:30:33.112+05:30  INFO 84302 --- [tutor-service] [           main] .s.d.r.c.RepositoryConfigurationDelegate : Finished Spring Data repository scanning in 203 ms. Found 3 JPA repository interfaces.
2026-05-09T14:30:33.182+05:30  INFO 84302 --- [tutor-service] [           main] beddedDataSourceBeanFactoryPostProcessor : Replacing 'dataSource' DataSource bean with embedded version
2026-05-09T14:30:33.340+05:30  INFO 84302 --- [tutor-service] [           main] o.s.j.d.e.EmbeddedDatabaseFactory        : Starting embedded database: url='jdbc:h2:mem:7c44c5bb-beaa-455f-a4e3-65b4370f6b89;DB_CLOSE_DELAY=-1;DB_CLOSE_ON_EXIT=false', username='sa'
2026-05-09T14:30:33.663+05:30  INFO 84302 --- [tutor-service] [           main] o.hibernate.jpa.internal.util.LogHelper  : HHH000204: Processing PersistenceUnitInfo [name: default]
2026-05-09T14:30:33.733+05:30  INFO 84302 --- [tutor-service] [           main] org.hibernate.Version                    : HHH000412: Hibernate ORM core version 6.3.1.Final
2026-05-09T14:30:33.763+05:30  INFO 84302 --- [tutor-service] [           main] o.h.c.internal.RegionFactoryInitiator    : HHH000026: Second-level cache disabled
2026-05-09T14:30:33.991+05:30  INFO 84302 --- [tutor-service] [           main] o.s.o.j.p.SpringPersistenceUnitInfo      : No LoadTimeWeaver setup: ignoring JPA class transformer
2026-05-09T14:30:34.043+05:30  WARN 84302 --- [tutor-service] [           main] org.hibernate.orm.deprecation            : HHH90000025: H2Dialect does not need to be specified explicitly using 'hibernate.dialect' (remove the property setting and it will be selected by default)
2026-05-09T14:30:35.019+05:30  INFO 84302 --- [tutor-service] [           main] o.h.e.t.j.p.i.JtaPlatformInitiator       : HHH000489: No JTA platform available (set 'hibernate.transaction.jta.platform' to enable JTA platform integration)
Hibernate: 
    drop table if exists payouts cascade 
Hibernate: 
    drop table if exists ratings cascade 
Hibernate: 
    drop table if exists tutor_profiles cascade 
Hibernate: 
    drop table if exists tutor_subjects cascade 
Hibernate: 
    create table payouts (
        amount numeric(38,2) not null,
        created_at timestamp(6),
        id bigint generated by default as identity,
        processed_at timestamp(6),
        processed_by bigint,
        tutor_id bigint not null,
        notes TEXT,
        payment_method varchar(255) not null,
        status varchar(255) not null check (status in ('PENDING','COMPLETED','FAILED')),
        primary key (id)
    )
Hibernate: 
    create table ratings (
        rating integer not null,
        booking_id bigint not null unique,
        created_at timestamp(6),
        id bigint generated by default as identity,
        student_id bigint not null,
        tutor_id bigint not null,
        comment TEXT,
        primary key (id)
    )
Hibernate: 
    create table tutor_profiles (
        average_rating float(53) not null,
        hourly_rate numeric(38,2) not null,
        total_sessions integer not null,
        years_of_experience integer not null,
        created_at timestamp(6),
        id bigint generated by default as identity,
        updated_at timestamp(6),
        user_id bigint not null unique,
        bio TEXT,
        status varchar(255) not null check (status in ('PENDING','APPROVED','REJECTED','SUSPENDED')),
        subject varchar(255) not null,
        primary key (id)
    )
Hibernate: 
    create table tutor_subjects (
        tutor_id bigint not null,
        subject_name varchar(255)
    )
Hibernate: 
    alter table if exists tutor_subjects 
       add constraint FKh7sy16t30qo5mth2tr3fhoy5s 
       foreign key (tutor_id) 
       references tutor_profiles
2026-05-09T14:30:35.099+05:30  INFO 84302 --- [tutor-service] [           main] j.LocalContainerEntityManagerFactoryBean : Initialized JPA EntityManagerFactory for persistence unit 'default'
2026-05-09T14:30:35.567+05:30  INFO 84302 --- [tutor-service] [           main] c.t.t.r.TutorProfileRepositoryTest       : Started TutorProfileRepositoryTest in 3.471 seconds (process running for 5.347)
Hibernate: 
    insert 
    into
        tutor_profiles
        (average_rating, bio, created_at, hourly_rate, status, subject, total_sessions, updated_at, user_id, years_of_experience, id) 
    values
        (?, ?, ?, ?, ?, ?, ?, ?, ?, ?, default)
Hibernate: 
    insert 
    into
        tutor_profiles
        (average_rating, bio, created_at, hourly_rate, status, subject, total_sessions, updated_at, user_id, years_of_experience, id) 
    values
        (?, ?, ?, ?, ?, ?, ?, ?, ?, ?, default)
Hibernate: 
    select
        tp1_0.id,
        tp1_0.average_rating,
        tp1_0.bio,
        tp1_0.created_at,
        tp1_0.hourly_rate,
        tp1_0.status,
        tp1_0.subject,
        tp1_0.total_sessions,
        tp1_0.updated_at,
        tp1_0.user_id,
        tp1_0.years_of_experience 
    from
        tutor_profiles tp1_0 
    where
        tp1_0.status=?
]]></system-out>
    <system-err><![CDATA[WARNING: A Java agent has been loaded dynamically (/Users/subhodipanwesa/.m2/repository/net/bytebuddy/byte-buddy-agent/1.14.10/byte-buddy-agent-1.14.10.jar)
WARNING: If a serviceability tool is in use, please run with -XX:+EnableDynamicAgentLoading to hide this warning
WARNING: If a serviceability tool is not in use, please run with -Djdk.instrument.traceUsage for more information
WARNING: Dynamic loading of agents will be disallowed by default in a future release
]]></system-err>
  </testcase>
  <testcase name="findByUserId_ExistingProfile_ReturnsProfile" classname="com.tutoring.tutorservice.repository.TutorProfileRepositoryTest" time="0.011">
    <system-out><![CDATA[Hibernate: 
    insert 
    into
        tutor_profiles
        (average_rating, bio, created_at, hourly_rate, status, subject, total_sessions, updated_at, user_id, years_of_experience, id) 
    values
        (?, ?, ?, ?, ?, ?, ?, ?, ?, ?, default)
Hibernate: 
    select
        tp1_0.id,
        tp1_0.average_rating,
        tp1_0.bio,
        tp1_0.created_at,
        tp1_0.hourly_rate,
        tp1_0.status,
        tp1_0.subject,
        tp1_0.total_sessions,
        tp1_0.updated_at,
        tp1_0.user_id,
        tp1_0.years_of_experience 
    from
        tutor_profiles tp1_0 
    where
        tp1_0.user_id=?
]]></system-out>
  </testcase>
  <testcase name="findBySubjectContainingIgnoreCase_MatchingSubject_ReturnsProfiles" classname="com.tutoring.tutorservice.repository.TutorProfileRepositoryTest" time="0.017">
    <system-out><![CDATA[Hibernate: 
    insert 
    into
        tutor_profiles
        (average_rating, bio, created_at, hourly_rate, status, subject, total_sessions, updated_at, user_id, years_of_experience, id) 
    values
        (?, ?, ?, ?, ?, ?, ?, ?, ?, ?, default)
Hibernate: 
    select
        tp1_0.id,
        tp1_0.average_rating,
        tp1_0.bio,
        tp1_0.created_at,
        tp1_0.hourly_rate,
        tp1_0.status,
        tp1_0.subject,
        tp1_0.total_sessions,
        tp1_0.updated_at,
        tp1_0.user_id,
        tp1_0.years_of_experience 
    from
        tutor_profiles tp1_0 
    where
        upper(tp1_0.subject) like upper(?) escape '\'
]]></system-out>
  </testcase>
</testsuite>